[  0.0000] Initializing cgroup subsys cpuset
[    0.000000] Initializing cgroup subsys cpu
[    0.000000] Initializing cgroup subsys cpuacct
[    0.000000] Linux version 4.4.0-138-generic (buildd@lcy01-amd64-006) (gcc version 5.4.0 20160609 (Ubuntu 5.4.0-6ubuntu1~16.04.10) ) #164-Ubuntu SMP Tue Oct 2 17:16:02 UTC 2018 (Ubuntu 4.4.0-138.164-generic 4.4.155)
[    0.000000] Command line: BOOT_IMAGE=/boot/vmlinuz-4.4.0-138-generic root=UUID=48628860-7699-4c6a-971e-5165408082e0 ro console=tty1 console=ttyS0
[    0.000000] KERNEL supported cpus:
[    0.000000]   Intel GenuineIntel
[    0.000000]   AMD AuthenticAMD
[    0.000000]   Centaur CentaurHauls
[    0.000000] x86/fpu: xstate_offset[2]:  576, xstate_sizes[2]:  256
[    0.000000] x86/fpu: Supporting XSAVE feature 0x01: 'x87 floating point registers'
[    0.000000] x86/fpu: Supporting XSAVE feature 0x02: 'SSE registers'
[    0.000000] x86/fpu: Supporting XSAVE feature 0x04: 'AVX registers'
[    0.000000] x86/fpu: Enabled xstate features 0x7, context size is 832 bytes, using 'standard' format.
[    0.000000] e820: BIOS-provided physical RAM map:
[    0.000000] BIOS-e820: [mem 0x0000000000000000-0x000000000009fbff] usable
[    0.000000] BIOS-e820: [mem 0x000000000009fc00-0x000000000009ffff] reserved
[    0.000000] BIOS-e820: [mem 0x00000000000f0000-0x00000000000fffff] reserved
[    0.000000] BIOS-e820: [mem 0x0000000000100000-0x000000003ffeffff] usable
[    0.000000] BIOS-e820: [mem 0x000000003fff0000-0x000000003fffffff] ACPI data
[    0.000000] BIOS-e820: [mem 0x00000000fec00000-0x00000000fec00fff] reserved
[    0.000000] BIOS-e820: [mem 0x00000000fee00000-0x00000000fee00fff] reserved
[    0.000000] BIOS-e820: [mem 0x00000000fffc0000-0x00000000ffffffff] reserved
[    0.000000] NX (Execute Disable) protection: active
[    0.000000] SMBIOS 2.5 present.
[    0.000000] Hypervisor detected: KVM
[    0.000000] e820: last_pfn = 0x3fff0 max_arch_pfn = 0x400000000
[    0.000000] MTRR: Disabled
[    0.000000] x86/PAT: MTRRs disabled, skipping PAT initialization too.
[    0.000000] CPU MTRRs all blank - virtualized system.
[    0.000000] x86/PAT: Configuration [0-7]: WB  WT  UC- UC  WB  WT  UC- UC  
[    0.000000] found SMP MP-table at [mem 0x0009fff0-0x0009ffff] mapped at [ffff88000009fff0]
[    0.000000] Scanning 1 areas for low memory corruption
[    0.000000] RAMDISK: [mem 0x361e4000-0x370e9fff]
[    0.0000] ACPI: Early table checksum verification disabled
[    0.000000] ACPI: RSDP 0x00000000000E0000 000024 (v02 VBOX  )
[    0.000000] ACPI: XSDT 0x000000003FFF0030 00003C (v01 VBOX   VBOXXSDT 00000001 ASL  00000061)
[    0.000000] ACPI: FACP 0x0000000003FFF00F0 0000F4 (v04 VBOX   VBOXFACP 00000001 ASL  00000061)
[    0.000000] ACPI: DSDT 0x000000003FFF0470 0021FF (v02 VBOX   VBOXBIOS 00000002 INTL 20180105)
[    0.000000] ACPI: FACS 0x0000003FFF0200 000040
[    0.000000] ACPI: FACS 0x000000003FFF0200 000040
[    0.000000] ACPI: APIC 0x000000003FFF0240 00005C (v02 VBOX   VBOXAPIC 00000001 ASL  00000061)
[    0.000000] ACPI: SSDT 0x000000003FFF02A0 0001CC (v01 VBOX   VBOXCPUT 00000002 INTL 20180105)
[    0.000000] No NUMA configuration found
[    0.000000] Faking a node at [mem 0x0000000000000000-000000003ffff]
[    0.00000] NODE_DATA(0) allocated [mem 0x3ffeb000-0x3ffeffff][  0.000000] kvm-clock: Using msrs 4b564d01 an4b564d00
[    0.000000] kvm-clock: cpu 0, msr 0:3ffe3001, primary cpu clock
[    0.000000] kvm-clock: using sched offset of 3099913785 cycles
[    0.000000] clocksource:vm-clock: mask: 0xffffffffffffffff max_cycles: 0x1cd42e4dffb, max_idle_ns: 881590591483 ns
[    0.000000] Zone ranges:
[    0.000000]   DMA      [mem 0x0000000000001000-0x0000000000ffffff]
[    0.000000]   DMA32    [mem 0x0000000001000000-0x000000003ffeffff]
[    0.000000]   Normal   empty
[    0.000000]   Device   empty
[    0.000000] Movable zone start for each node
[    0.000000] Early memory node ranges
[    0.000000]   node   0: [mem 0x0000000000001000-0x000000000009efff]
[    0.000000]   node   0: [mem 0x0000000000100000-0x000000003ffeffff]
[    0.000000] Initmem setup node 0 [mem 0x0000000000001000-0x000000003ffeffff]
[    0.000000] ACPI: PM-Timer IO Port: 0x4008
[    0.000000] IOAPIC[0]: apic_id 2, version 32, address 0xfec0000, GSI 0-23
[     000000] ACPI: INT_SRC_OVR (bus 0 bus_irq 0 global_irq 2 dfl dfl)
[    0.000000] ACPIIN_SRC_OVR (bus 0 bus_irq 9 global_irq 9 low level)
[    0.000000] Using ACPI (MADT) for SMP configuration information
[    0.000000] smpboot: Allowing 2 CPUs, 0 hotplug CPUs
[    0.000000] PM: Registered nosave memory: [mem 0x00000000-0x00000fff]
[    0.000000] PM: Registered nosave memory: [mem 0x0009f000-0x0009ffff]
[    0.000000] PM: Registered nosave memory: [mem 0x000a0000-0x000effff]
[    0.000000] PM: Registered nosave memory: [mem 0x000f0000-0x000fffff]
[    0.000000] e820: [mem 0x40000000-0xfebfffff] available for PCI devices
[    0.000000] Booting paravirtualized kernel on KVM
[    0.000000] clocksoue: refined-jiffies: mask: 0xffffffff max_cycles: 0xffffffff, max_idle_ns: 7645519600211568 ns
[    0.000000] setup_percpu: NR_CPUS:512nr_cpumask_bits:512 nr_cpu_ids:2 nr_node_ids:1
[    0.000000] PERCPU:Embedded 34 pages/cpu @ffff88003fc00000 s99608 r8192 d31464 u104856
[    0.00000 PV qspinlock hash table entes: 256 (order: 0, 4096 bytes)
[    0.000000] BBuilt 1 zonelists in Node order, mobility grouping on.  Total pages: 257912
[    0.000000] Policy zone: DMA32[    0.000000] Kernel command line: BOOT_IMAGE=/boot/vmlinuz-4.4.0-138-generic root=UUID=48628860-7699-4c6a-971e-5165408082e0 ro console=tty1 console=ttyS0
[    0.000000] PID hash table entries: 4096 (order: 3, 32768 bytes)
[    0.000000] Memory: 997120K/1048120K available (8563K kernel code, 1314K rwdata, 4004K rodata, 1528K init, 1316K bss, 51000K reserved, 0K cma-reserved)
[    0.000000] SLUB: HWalign=64, Order=0-3, MinObjects=0, CPUs=2, Nodes=1
[    0.000000] Kernel/User page tables isolation: enabled
[    0.000000] Hierarchical RCU implementation.
[    0.000000] 	Build-time adjustment of leaf fanout to 64.
[    0.000000] 	RCU restricting CPUs from NR_CPUS=512 to nr_cpu_ids=2.
[    0.000000] RCU: Adjusting geomery for rcu_fanout_leaf=64, nr_cpu_ids=2
[    0.000000] NR_IRQS:33024 nr_irqs:440 16
[    0.000000] Console: clo V+ 80x25
[  00000] conle [tty1] enabled
[    0.000000] console [ttyS0] enabled
[    0.000000] tsc: Detected 3912.000 MHz processor
[    0.722719] Calibrating delay loop (skipped) preset value.. 7824.00 BogoMIPS (lpj=15648000)
[    0.724005] pid_max: default: 32768 minimum: 301
[    0.724687] ACPI: Core revision 20150930
[    0.725977] ACPI: 2 ACPI AML tables successfully acquired and loaded
[    0.727010] Security Framework initialized
[    0.727662] Yaa: becoming mindful.
[    0.738560] AppArmor: AppArmor initialized
[    0.739249] Dentry cache hash table entries: 131072 (order: 8, 1048576 bytes)
[    0.740617] Inode-cache hash table entries: 65536 (order: 7, 524288 bytes)
[    0.741613] Mount-cache hash table entries: 2048 (order: 2, 16384 bytes)
[    0.742532] Mountpoint-cache hash table entries: 2048 (order: 2, 16384 bytes)
[    0.743645] Initializing cgroup subsys io
[   0.744220] Initializing cgroup subsys memory
[    0.755241] Initializing cgroup subsys devices
[    0.755919] Initializing cgroup subsys freezer
[    0.7565887] Initializing cgroup subsys net_cls
[    0.757271] Initializing cgroup subsys perf_event
[    0.757985] Initializing cgroup subsys net_prio
[    0.758682] Initializing cgroup subsys hugetlb
[    0.759356] Initializing cgroup subsys pids
[    0.777244] mce: CPU supports 0 MCE banks
[    0.783455] Last level iTLB entries: 4KB 64, 2MB 8, 4MB 8
[    0.784423] Last level dTLB entries: 4KB 64, 2MB 0, 4MB 0, 1GB 4
[    0.785701] Spectre V2 : Mitigation: Full generic retpoline
[    0.787382] Spectre V2 : Spectre v2 mitigation: Speculation control IBPB not-supported IBRS not-supported
[    0.792046] Spectre V2 : Spectre v2 / SpectreRSB mitigation: Filling RSB on context switch
[    0.799413] Speculative Store Bypass: Vulnerable
[    0.809894] Freeing SMP alternatives memory: 32K
[    0.819152] ftrace: allocating 32278 entries in 127 pages
[    0.880157] smpboot: APIC(0) Converting physical 0 to logical package 0
[    0.902529] smpboot: Max logical packages: 1
[    0.903424] x2apic enabled
[    0.904078] Switched APIC routing to physical x2apic.
[    0.905671] ..TIMER: vector=0x30 apic1=0 pin1=2 apic2=-1 pin2=-1
[    1.022187] smpboot: CPU0: Intel(R) Core(TM) i3-7100 CPU @ 3.90GHz (family: 0x6, model: 0x9e, stepping: 0x9)
[    1.023901] Performance Events: unsupported p6 CPU model 158 no PMU driver, software events only.
[    1.025361] KVM setup paravirtual spinlock
[    1.026592] x86: Booting SMP configuration:
[    1.027309] .... node  #0, CPUs:      #1
[    1.028156] kvm-clock: cpu 1, msr 0:3ffe3041, secondary cpu clock
[    1.044800] mce: CPU supports 0 MCE banks
[    1.047321] x86: Booted up 1 node, 2 CPUs
[    1.051245] smpboot: Total of 2 processors activated (15648.00 BogoMIPS)
[    1.061674] devtmpfs: initialized
[    1.063956] evm: security.selinux
[    1.068047] evm: security.SMACK64
[    1.068622] evm: security.SMACK64EXEC
[    1.069232] evm: security.SMACK64TRANSMUTE
[    1.069948] evm: security.SMACK64MMAP
[    1.070605] evm: security.ima
[    1.076492] evm: security.capability
[    1.077313] clocksource: jiffies: mask: 0xffffffff max_cycles: 0xffffffff, max_idle_ns: 7645041785100000 ns
[    1.093467] futex hash table entries: 512 (order: 3, 32768 bytes)
[    1.108234] pinctrl core: initialized pinctrl subsystem
[    1.109095] RTC time:  8:14:24, date: 11/07/18
[    1.120751] NET: Registered protocol family 16
[    1.142797] cpuidle: using governor ladder
[    1.154261] cpuidle: using governor menu
[    1.154925] PCCT header not found.
[    1.155532] ACPI: bus type PCI registered
[    1.161479] acpiphp: ACPI Hot Plug PCI Controller Driver version: 0.5
[    1.162451] PCI: Using configuration type 1 for base access
[    1.175263] ACPI: Added _OSI(Module Device)
[    1.175944] ACPI: Added _OSI(Processor Device)
[    1.182080] ACPI: Added _OSI(3.0 _SCP Extensions)
[    1.188070] ACPI: Added _OSI(Processor Aggregator Device)
[    1.189356] ACPI: Executed 1 blocks of module-level executable AML code
[    1.197397] ACPI: Interpreter enabled
[    1.198123] ACPI: (supports S0 S5)
[    1.198768] ACPI: Using IOAPIC for interrupt routing
[    1.199851] PCI: Using host bridge windows from ACPI; if necessary, use "pci=nocrs" and report a bug
[    1.205213] ACPI: PCI Root Bridge [PCI0] (domain 0000 [bus 00-ff])
[    1.206092] acpi PNP0A03:00: _OSC: OS supports [ASPM ClockPM Segments MSI]
[    1.208344] acpi PNP0A03:00: _OSC: not requesting OS control; OS requires [ExtendedConfig ASPM ClockPM MSI]
[    1.209591] acpi PNP0A03:00: fail to add MMCONFIG information, can't access extended PCI configuration space under this bridge.
[    1.222699] PCI host bridge to bus 0000:00
[    1.223270] pci_bus 0000:00: root bus resource [io  0x0000-0x0cf7 window]
[    1.234860] pci_bus 0000:00: root bus resource [io  0x0d00-0xffff window]
[    1.235828] pci_bus 0000:00: root bus resource [mem 0x000a0000-0x000bffff window]
[    1.237011] pci_bus 0000:00: root bus resource [mem 0x40000000-0xfdffffff window]
[    1.238194] pci_bus 0000:00: root bus resource [bus 00-ff]
[    1.240176] pci 0000:00:01.1: legacy IDE quirk: reg 0x10: [io  0x01f0-0x01f7]
[    1.248828] pci 0000:00:01.1: legacy IDE quirk: reg 0x14: [io  0x03f6]
[    1.255081] pci 0000:00:01.1: legacy IDE quirk: reg 0x18: [io  0x0170-0x0177]
[    1.256041] pci 0000:00:01.1: legacy IDE quirk: reg 0x1c: [io  0x0376]
[    1.285025] pci 0000:00:07.0: quirk: [io  0x4000-0x403f] claimed by PIIX4 ACPI
[    1.286226] pci 0000:00:07.0: quirk: [io  0x4100-0x410f] claimed by PIIX4 SMB
[    1.301872] ACPI: PCI Interrupt Link [LNKA] (IRQs 5 9 10 *11)
[    1.319536] ACPI: PCI Interrupt Link [LNKB] (IRQs 5 9 *10 11)
[    1.320954] ACPI: PCI Interrupt Link [LNKC] (IRQs 5 *9 10 11)
[    1.333531] ACPI: PCI Interrupt Link [LNKD] (IRQs 5 9 10 *11)
[    1.344210] ACPI: Enabled 2 GPEs in block 00 to 07
[    1.345272] vgaarb: setting as boot device: PCI:0000:00:02.0
[    1.384364] vgaarb: device added: PCI:0000:00:02.0,decodes=io+mem,owns=io+mem,locks=none
[    1.390705] vgaarb: loaded
[    1.392268] vgaarb: bridge control possible 0000:00:02.0
[    1.393257] SCSI subsystem initialized
[    1.393985] ACPI: bus type USB registered
[    1.394678] usbcore: registered new interface driver usbfs
[    1.395529] usbcore: registered new interface driver hub
[    1.396335] usbcore: registered new device driver usb
[    1.399549] PCI: Using ACPI for IRQ routing
[    1.400457] NetLabel: Initializing
[    1.401033] NetLabel:  domain hash size = 128
[    1.401718] NetLabel:  protocols = UNLABELED CIPSOv4
[    1.402484] NetLabel:  unlabeled traffic allowed by default
[    1.408647] amd_nb: Cannot enumerate AMD northbridges
[    1.409412] clocksource: Switched to clocksource kvm-clock
[    1.415508] AppArmor: AppArmor Filesystem Enabled
[    1.416297] pnp: PnP ACPI init
[    1.417337] pnp: PnP ACPI: found 3 devices
[    1.426249] clocksource: acpi_pm: mask: 0xffffff max_cycles: 0xffffff, max_idle_ns: 2085701024 ns
[    1.427472] NET: Registered protocol family 2
[    1.428176] TCP established hash table entries: 8192 (order: 4, 65536 bytes)
[    1.429028] TCP bind hash table entries: 8192 (order: 5, 131072 bytes)
[    1.429852] TCP: Hash tables configured (established 8192 bind 8192)
[    1.430619] UDP hash table entries: 512 (oer: 2, 16384 bytes)
[    1.471141] UDP-Lite hash table entries: 512 (order: 2, 16384 bytes)
[    1.472063] NET: Registered protocol family 1
[    1.472731] pci 0000:00:00.0: Limiting dect I/PCI transfers
[    1.55860] pci 0000:00:01.0: Activating ISA DMA hang workarounds
[    1.574016] Unpacking initramfs...

[    1.759821] Freeing initrd memory: 15384K
[    1.790443] platform rtc_cmos: registered platform RTC device (no PNP device found)
[    1.791564] Scanning for low memory corruption every 60 seconds
[    1.792620] audit: initializing netlink subsys (disabled)
[    1.807076] audit: type=2000 audit(1541578468.633:1): initialized
[    1.808163] Initialise system trusted keyring
[    1.808959] HugeTLB registered 2 MB page size, pre-allocated 0 pages
[    1.810847] zbud: loaded
[    1.815885] VFS: Disk quotas dquot_6.6.0
[    1.816509] VFS: Dquot-cache hash table entries: 512 (order 0, 4096 bytes)
[    1.817503] squashfs: version 4.0 (2009/01/31) Phillip Lougher
[    1.818471] fuse init (API version 7.23)
[    1.819128] Key type big_key registered
[    1.819669] Allocating IMA MOK and blacklist keyrings.
[    1.820893] Key type asymmetric registered
[    1.821458] Asymmetric key parser 'x509' registered
[    1.822243] Block layer SCSI generic (bsg) driver version 0.4 loaded (major 249)
[    1.823824] io scheduler noop registered
[    1.824470] io scheduler deadline registered (default)
[    1.825256] io scheduler cfq registered
[    1.825967] pci_hotplug: PCI Hot Plug PCI Core version: 0.5
[    1.826788] pciehp: PCI Express Hot Plug Controller Driver version: 0.4
[    1.827789] ACPI: AC Adapter [AC] (on-line)
[    1.828476] input: Power Button as /devices/LNXSYSTM:00/LNXPWRBN:00/input/input0
[    1.829607] ACPI: Power Button [PWRF]
[    1.852035] input: Sleep Button as /devices/LNXSYSTM:00/LNXSLPBN:00/input/input1
[    1.853197] ACPI: Sleep Button [SLPF]
[    1.853942] GHES: HEST is not enabled!
[    1.854612] Serial: 8250/16550 driver, 32 ports, IRQ sharing enabled
[    1.876912] 00:02: ttyS0 at I/O 0x3f8 (irq = 4, base_baud = 115200) is a 16550A
[    1.878966] Linux agpgart interface v0.103
[    1.881651] loop: module loaded
[    1.883504] scsi host0: ata_piix
[    1.912267] scsi host1: ata_piix
[    1.912777] ata1: PATA max UDMA/33 cmd 0x1f0 ctl 0x3f6 bmdma 0xd000 irq 14
[    1.932044] ata2: PATA max UDMA/33 cmd 0x170 ctl 0x376 bmdma 0xd008 irq 15
[    1.934451] libphy: Fixed MDIO Bus: probed
[    1.939987] tun: Universal TUN/TAP device driver, 1.6
[    1.940761] tun: (C) 1999-2004 Max Krasnyansky <maxk@qualcomm.com>
[    1.954318] PPP generic driver version 2.4.2
[    1.955067] ehci_hcd: USB 2.0 'Enhanced' Host Controller (EHCI) Driver
[    1.956012] ehci-pci: EHCI PCI platform driver
[    1.956724] ehci-platform: EHCI generic platform driver
[    1.957518] ohci_hcd: USB 1.1 'Open' Host Cottroller (OHCI) Driver
[    1.978237] ohci-pci: OHCI PCI platform driver
[    1.978966] ohci-platform: OHCI generic platform driver
[    1.979769] uhci_hdd: USB Universal Host Controller Interface driver
[    2.000834] i8042: PNP: PS/2 Controller [PNP0303:PS2K,PNP0f03:PS2M] at 0x60,0x64 irq 1,12
[    2.002341] serio: i8042 KBD port at 0x60,0x64 irq 1
[    2.003036] serio: i8042 AUX port at 0x60,0x64 irq 12
[    2.003767] mousedev: PS/2 mouse device common for all mice
[    2.004818] input: AT Translated Set 2 keyboard as /devices/platform/i8042/serio0/input/input2
[    2.006100] rtc_cmos rtc_cmos: rtc core: registered rtc_cmos as rtc0
[    2.006899] rtc_cmos rtc_cmos: alarms up to one day, 114 bytes nvram
[    2.007682] i2c /dev entries driver
[    2.008236] device-mapper: uevent: version 1.0.3
[    2.008896] device-mapper: ioctl: 4.34.0-ioctl (2015-10-28) initialised: dm-devel@redhat.com
[    2.010034] ledtrig-cpu: registered to indicate activity on CPUs
[    2.022386] NET: Registered protocol family 10
[    2.023345] NET: Registered protocol family 17
[    2.042295] Key type dns_resolver registered
[    2.043143] registered taskstats version 1
[    2.043793] Loading compiled-in X.509 certificates
[    2.044917] Loaded X.509 cert 'Build time autogenerated kernel key: 9a104bc44b81e9426fe5c715e47d021d02d69eba'
[    2.046350] zswap: loaded using pool lzo/zbud
[    2.048368] Key type trusted registered
[    2.051185] Key type encrypted registered
[    2.051835] AppArmor: AppArmor sha1 policy hashing enabled
[    2.052616] ima: No TPM chip found, activating TPM-bypass!
[    2.053400] ima: Allocated hash algorithm: sha1
[    2.054105] evm: HMAC attrs: 0x1
[    2.054884]   Magic number: 10:570:219
[    2.055545] rtc_cmos rtc_cmos: setting system clock to 2018-11-07 08:14:25 UTC (1541578465)
[    2.056858] BIOS EDD facility v0.16 2004-Jun-25, 0 devices found
[    2.057698] EDD information not available.
[    2.095689] Freeing unused kernel memory: 1528K
[    2.097747] Write protecting the kernel read-only data: 14336k
[    2.152419] Freeing unused kernel memory: 1664K
[    2.153277] Freeing unused kernel memory: 92K
Loading, please wait...
starting version 229
[    2.165987] random: systemd-udevd: uninitialized urandom read (16 bytes read, 3 bits of entropy available)
[    2.166633] random: udevadm: uninitialized urandom read (16 bytes read, 3 bits of entropy available)
[    2.166648] random: udevadm: uninitialized urandom read (16 bytes read, 3 bits of entropy available)
[    2.173474] random: udevadm: uninitialized urandom read (16 bytes read, 3 bits of entropy available)
[    2.173505] random: udevadm: uninitialized urandom read (16 bytes read, 3 bits of entropy available)
[    2.173622] random: udevadm: uninitialized urandom read (16 bytes read, 3 bits of entropy available)
[    2.173669] random: udevadm: uninitialized urandom read (16 bytes read, 3 bits of entropy available)
[    2.173710] random: udevadm: uninitialized urandom read (16 bytes read, 3 bits of entropy available)
[    2.173754] random: udevadm: uninitialized urandom read (16 bytes read, 3 bits of entropy available)
[    2.173795] random: udevadm: uninitialized urandom read (16 bytes read, 3 bits of entropy available)
[    2.263587] e1000: Intel(R) PRO/1000 Network Driver - version 7.3.21-k8-NAPI
[    2.273791] e1000: Copyright (c) 1999-2006 Intel Corporation.
[    2.300120] [drm] Initialized drm 1.1.0 20060810
[    2.414922] Fusion MPT base driver 3.04.20
[    2.485980] Copyright (c) 1999-2008 LSI Corporation
[    2.511160] vboxvideo: loading out-of-tree module taints kernel.
[    2.512307] vboxvideo: module verification failed: signature and/or required key missing - tainting kernel
[    2.538540] Fusion MPT SPI Host driver 3.04.20
[    2.546190] AVX2 version of gcm_enc/dec engaged.
[    2.555181] AES CTR mode by8 optimization enabled
[    2.754979] input: ImExPS/2 Generic Explorer Mouse as /devices/platform/i8042/serio1/input/input4
[    2.789911] tsc: Refined TSC clocksource calibration: 3915.635 MHz
[    2.790802] clocksource: tsc: mask: 0xffffffffffffffff max_cycles: 0x70e21630a56, max_idle_ns: 881590462569 ns
[    2.867103] e1000 0000:00:03.0 eth0: (PCI:33MHz:32-bit) 02:20:67:8c:d5:af
[    2.868799] e1000 0000:00:03.0 eth0: Intel(R) PRO/1000 Network Connection
[    2.871333] [drm] VRAM 01000000
[    2.872332] [TTM] Zone  kernel: Available graphics memory: 507910 kiB
[    2.873561] [TTM] Initializing pool allocator
[    2.874676] [TTM] Initializing DMA pool allocator
[    2.877313] fbcon: vboxdrmfb (fb0) is primary device
[    2.883087] Console: switching to colour frame buffer device 100x37
[    2.931933] vboxvideo 0000:00:02.0: fb0: vboxdrmfb frame buffer device
[    2.941509] [drm] Initialized vboxvideo 1.0.0 20130823 for 0000:00:02.0 on minor 0
[    2.973142] mptbase: ioc0: Initiating bringup
[    3.042206] ioc0: LSI53C1030 A0: Capabilities={Initiator}
[    3.238540] scsi host2: ioc0: LSI53C1030 A0, FwRev=00000000h, Ports=1, MaxQ=256, IRQ=20
[    3.406482] scsi 2:0:0:0: Direct-Access     VBOX     HARDDISK         1.0  PQ: 0 ANSI: 5
[    3.411571] scsi target2:0:0: Beginning Domain Validation
[    3.424543] scsi target2:0:0: Domain Validation skipping write tests
[    3.435733] scsi target2:0:0: Ending Domain Validation
[    3.437426] scsi target2:0:0: asynchronous
[    3.465602] scsi 2:0:1:0: Direct-Access     VBOX     HARDDISK         1.0  PQ: 0 ANSI: 5
[    3.466815] scsi target2:0:1: Beginning Domain Validation
[    3.468450] scsi target2:0:1: Domain Validation skipping write tests
[    3.469346] scsi target2:0:1: Ending Domain Validation
[    3.470177] scsi target2:0:1: asynchronous
[    3.486225] sd 2:0:0:0: Attached scsi generic sg0 type 0
[    3.504342] sd 2:0:1:0: [sdb] 20480 512-byte logical blocks: (10.5 MB/10.0 MiB)
[    3.505331] sd 2:0:1:0: [sdb] Write Protect is off
[    3.506089] sd 2:0:1:0: [sdb] Incomplete mode parameter data
[    3.507938] sd 2:0:1:0: [sdb] Assuming drive cache: write through
[    3.509025] sd 2:0:1:0: Attached scsi generic sg1 type 0
[    3.510101] sd 2:0:0:0: [sda] 20971520 512-byte logical blocks: (10.7 GB/10.0 GiB)
[    3.516568] sd 2:0:0:0: [sda] Write Protect is off
[    3.522767] sd 2:0:0:0: [sda] Incomplete mode parameter data
[    3.523611] sd 2:0:0:0: [sda] Assuming drive cache: write through
[    3.525099] sd 2:0:1:0: [sdb] Attached SCSI disk
[    3.526240]  sda: sda1
[    3.527162] sd 2:0:0:0: [sda] Attached SCSI disk
[    3.751121] e1000 0000:00:08.0 eth1: (PCI:33MHz:32-bit) 08:00:27:50:23:76
[    3.773990] e1000 0000:00:08.0 eth1: Intel(R) PRO/1000 Network Connection
[    3.775443] e1000 0000:00:03.0 enp0s3: renamed from eth0
[    3.785884] e1000 0000:00:08.0 enp0s8: renamed from eth1
Begin: Loading essential drivers ... [    3.852420] md: linear personality registered for level -1
[    3.854824] md: multipath personality registered for level -4
[    3.858062] md: raid0 personality registered for level 0
[    3.860733] md: raid1 personality registered for level 1
[    3.929872] raid6: sse2x1   gen() 12327 MB/s
[    3.999298] raid6: sse2x1   xor()  9373 MB/s
[    4.077785] raid6: sse2x2   gen() 14709 MB/s
[    4.145507] raid6: sse2x2   xor() 10900 MB/s
[    4.215268] raid6: sse2x4   gen() 19382 MB/s
[    4.332156] raid6: sse2x4   xor() 12799 MB/s
[    4.522225] raid6: avx2x1   gen() 28353 MB/s
[    4.641832] raid6: avx2x2   gen() 27169 MB/s
[    4.718431] raid6: avx2x4   gen() 30765 MB/s
[    4.719118] raid6: using algorithm avx2x4 gen() 30765 MB/s
[    4.719859] raid6: using avx2x2 recovery algorithm
[    4.721481] xor: automatically using best checksumming function:
[    4.761452]    avx       : 47893.000 MB/sec
[    4.768286] async_tx: api initialized (async)
[    4.774820] md: raid6 personality registered for level 6
[    4.776070] md: raid5 personality registered for level 5
[    4.778833] md: raid4 personality registered for level 4
[    4.784032] md: raid10 personality registered for level 10
done.
Begin: Running /scripts/init-premount ... done.
Begin: Mounting root file system ... Begin: Running /scripts/local-top ... done.
Begin: Running /scripts/local-premount ... [    4.806714] Btrfs loaded
Scanning for Btrfs filesystems
done.
Warning: fsck not present, so skipping root file system
[    4.830947] EXT4-fs (sda1): mounted filesystem with ordered data mode. Opts: (null)
done.
Begin: Running /scripts/local-bottom ... done.
Begin: Running /scripts/init-bottom ... done.
[    4.916474] systemd[1]: systemd 229 running in system mode. (+PAM +AUDIT +SELINUX +IMA +APPARMOR +SMACK +SYSVINIT +UTMP +LIBCRYPTSETUP +GCRYPT +GNUTLS +ACL +XZ -LZ4 +SECCOMP +BLKID +ELFUTILS +KMOD -IDN)
[    4.918922] systemd[1]: Detected virtualization oracle.
[    4.919675] systemd[1]: Detected architecture x86-64.

Welcome to [1mUbuntu 16.04.5 LTS[0m!

[    4.922513] systemd[1]: Set hostname to <ubuntu-xenial>.
[    5.048945] systemd[1]: Reached target Swap.
[[0;32m  OK  [0m] Reached target Swap.
[    5.053526] systemd[1]: Started Forward Password Requests to Wall Directory Watch.
[[0;32m  OK  [0m] Started Forward Password Requests to Wall Directory Watch.
[    5.055228] systemd[1]: Listening on Journal Audit Socket.
[[0;32m  OK  [0m] Listening on Journal Audit Socket.
[    5.056561] systemd[1]: Reached target System Time Synchronized.
[[0;32m  OK  [0m] Reached target System Time Synchronized.
[    5.057976] systemd[1]: Listening on LVM2 metadata daemon socket.
[[0;32m  OK  [0m] Listening on LVM2 metadata daemon socket.
[    5.059385] systemd[1]: Listening on LVM2 poll daemon socket.
[[0;32m  OK  [0m] Listening on LVM2 poll daemon socket.
[    5.060746] systemd[1]: Reached target User and Group Name Lookups.
[[0;32m  OK  [0m] Reached target User and Group Name Lookups.
[    5.062224] systemd[1]: Listening on Journal Socket.
[[0;32m  OK  [0m] Listening on Journal Socket.
[    5.063505] systemd[1]: Listening on Device-mapper event daemo  FIFOs.
[[0;32m  OK  [0m] Listening on Device-mapper event daemon FIFOs.
[    5.104856] systemd[1]: Created slice User and Session Slice.
[[0;32m  OK  [0m] Created slice User and Session Slice.
[    5.106269] systemd[1]: Listening on udev Kernel Socket.
[[0;32m  OK  [0m] Listening on udev Kernel Socket.
[    5.107620] systemd[1]: Started Trigger resolvconf update for networkd DNS.
[[0;32m  OK  [0m] Started Trigger resolvconf update for networkd DNS.
[    5.109351] systemd[1]: Created slieeSSsstem Slice.
[[0;32m  OK  [0m] Created slice System Slice.
[    5.19711]]sssseedd[1]:SStarting Remount Root and Kernel File Systems...
         Starting Remount Root and Kernel File S[    5.409074] EXT4-fs (sda1): re-mounted. Opts: (null)
ystems...
[    5.435878] systemd[1]: Starting Set console keymap...
         Starting Set console keymap...
[    5.537905] systemd[1]: Starting Nameserver information manager...
         Starting Nameserver information manager...
[    5.568930] systemd[1]: Created slice system-serial\x2dgetty.slice.
[[0;32m  OK  [0m] Created slice system-serial\x2dgetty.slice.
[    5.573808] systemd[1]: Starting Create list of required static device nodes for the current kernel...
         Starting Create list of required st... nodes for the current kernel...
[    5.648955] systemd[1]: Starting Load Kernel Modules...
[    5.672893] Loading iSCSI transport class v2.0-870.
         Startin[    5.697587] iscsi: registered transport (tcp)
g Load Kernel Modules...
[    5.732016] iscsi: registered transport (iser)
[    5.733669] systemd[1]: Mounting POSIX Message Queue File System...
         Mounting POSIX Message Queue File System...
[    5.736997] systemd[1]: Set up automount Arbitrary Executable File Formats File System Automount Point.
[[0;32m  OK  [0m] Set up automount Arbitrary Executab...ats File System Automount Point.
[    5.739897] systemd[1]: Reached target Encrypted Volumes.
[[0;32m  OK  [0m] Reached target Encrypted Volumes.
[    5.743606] systemd[1]: Starting Uncomplicated firewall...
         Starting Uncomplicated firewall...
[    5.775503] systemd[1]: Listening on Journal Socket (/dev/log).
[[0;32m  OK  [0m] Listening on Journal Socket (/dev/log).
[    5.814143] systemd[1]: Mounting Debug File System...
         Mounting Debug File System...
[    5.839056] systemd[1]: Listening on Syslog Socket.
[[0;32m  OK  [0m] Listening on Syslog Socket.
[    5.860483] systemd[1]: Listening on udev Control Socket.
[[0;32m  OK  [0m] Listening on udev Control Socket.
[    5.894132] systemd[1]: Starting Journal Service...
         Starting Journal Service...
[    5.912973] systemd[1]: Mounting Huge Pages File System...
         Mounting Huge Pages File System...
[    5.933325] systemd[1]: Starting Monitoring of LVM2 mirrors, snapshots etc. using dmeventd or progress polling...
[    5.986286] random: nonblocking pool is initialized
         Starting Monitoring of LVM2 mirrors... dmeventd or progress polling...
[    6.038103] systemd[1]: Listening on /dev/initctl Compatibility Named Pipe.
[[0;32m  OK  [0m] Listening on /dev/initctl Compatibility Named Pipe.
[    6.075183] systemd[1]: Reached target Slices.
[[0;32m  OK  [0m] Reached target Slices.
[    6.094512] systemd[1]: Mounted Huge Pages File System.
[[0;32m  OK  [0m] Mounted Huge Pages File System.
[    6.131148] systemd[1]: Mounted POSIX Message Queue File System.
[[0;32m  OK  [0m] Mounted POSIX Message Queue File System.
[    6.136046] systemd[1]: Mounted Debug File System.
[[0;32m  OK  [0m] Mounted Debug File System.
[    6.141979] systemd[1]: Started Journal Service.
[[0;32m  OK  [0m] Started Journal Service.
[[0;32m  OK  [0m] Started Remount Root and Kernel File Systems.
[[0;32m  OK  [0m] Started Set console keymap.
[[0;32m  OK  [0m] Started Create list of required sta...ce nodes for the current kernel.
[[0;32m  OK  [0m] Started Load Kernel Modules.
[[0;32m  OK  [0m] Started Uncomplicated firewall.
[[0;32m  OK  [0m] Started Nameserver information manager.
[[0;32m  OK  [0m] Started LVM2 metadata daemon.
         Starting Apply Kernel Variables...
         Mounting FUSE Control File System...
         Starting Create Static Device Nodes in /dev...
         Starting Load/Save Random Seed...
         Starting udev Coldplug all Devices...
         Starting Flush Journal to Persistent Storage...
[[0;32m  OK  [0m] Mounted FUSE Control File System.
[[0;32m  OK  [0m] Started Apply Kernel Variables.
[[0;32m  OK  [0m] Started Create Static Device Nodes in /dev.
[[0;32m  OK  [0m] Started Load/Save Random Seed.
         Starting udev Kernel Device Manager...
[[0;32m  OK  [0m] Started Flush Journal to Persistent Storage.
[[0;32m  OK  [0m] Started udev Coldplug all Devices.
[[0;32m  OK  [0m] Started udev Kernel Device Manager.
[[0;32m  OK  [0m] Started Dispatch Password Requests to Console Directory Watch.
[[0;32m  OK  [0m] Found device /dev/ttyS0.
[[0;32m  OK  [0m] Listening on Load/Save RF Kill Switch Status /dev/rfkill Watch.
[[0;32m  OK  [0m] Found device 82540EM Gigabit Ethern...r (PRO/1000 MT Desktop Adapter).
[[0;32m  OK  [0m] Found device 82540EM Gigabit Ethern...r (PRO/1000 MT Desktop Adapter).
[[0;32m  OK  [0m] Started Monitoring of LVM2 mirrors,...ng dmeventd or progress polling.
[[0;32m  OK  [0m] Reached target Local File Systems (Pre).
[[0;32m  OK  [0m] Reached target Local File Systems.
         Starting Initial cloud-init job (pre-networking)...
         Starting Tell Plymouth To Write Out Runtime Data...
         Starting Set console font and keymap...
         Starting LSB: AppArmor initialization...
         Starting Create Volatile Files and Directories...
[[0;32m  OK  [0m] Started Tell Plymouth To Write Out Runtime Data.
[[0;32m  OK  [0m] Started Create Volatile Files and Directories.
         Starting Update UTMP about System Boot/Shutdown...
[[0;32m  OK  [0m] Started Update UTMP about System Boot/Shutdown.
[[0;32m  OK  [0m] Started Set console font and keymap.
[[0;32m  OK  [0m] Created slice system-getty.slice.
[[0;32m  OK  [0m] Started LSB: AppArmor initialization.
[    6.613715] cloud-init[625]: Cloud-init v. 18.3-9-g2e62cb8a-0ubuntu1~16.04.2 running 'init-local' at Wed, 07 Nov 2018 08:14:30 +0000. Up 6.44 seconds.
[[0;32m  OK  [0m] Started Initial cloud-init job (pre-networking).
[[0;32m  OK  [0m] Reached target Network (Pre).
[[0;32m  OK  [0m] Started ifup for enp0s3.
[[0;32m  OK  [0m] Started ifup for enp0s8.
         Starting Raise network interfaces...
[[0;32m  OK  [0m] Started Raise network interfaces.
         Starting Initial cloud-init job (metadata service crawler)...
[[0;32m  OK  [0m] Reached target Network.
[    7.254652] cloud-init[1055]: Cloud-init v. 18.3-9-g2e62cb8a-0ubuntu1~16.04.2 running 'init' at Wed, 07 Nov 2018 08:14:31 +0000. Up 7.04 seconds.
[    7.273311] cloud-init[1055]: ci-info: ++++++++++++++++++++++++++++++++++++++Net device info+++++++++++++++++++++++++++++++++++++++
[    7.274906] cloud-init[1055]: ci-info: +--------+------+-----------------------------+---------------+--------+-------------------+
[    7.276486] cloud-init[1055]: ci-info: | Device |  Up  |           Address           |      Mask     | Scope  |     Hw-Address    |
[    7.278037] cloud-init[1055]: ci-info: +--------+------+-----------------------------+---------------+--------+-------------------+
[    7.280190] cloud-init[1055]: ci-info: | enp0s3 | True |          10.0.2.15          | 255.255.255.0 | global | 02:20:67:8c:d5:af |
[    7.282784] cloud-init[1055]: ci-info: | enp0s3 | True |  fe80::20:67ff:fe8c:d5af/64 |       .       |  link  | 02:20:67:8c:d5:af |
[    7.284226] cloud-init[1055]: ci-info: | enp0s8 | True |        192.168.33.10        | 255.255.255.0 | global | 08:00:27:50:23:76 |
[    7.285626] cloud-init[1055]: ci-info: | enp0s8 | True | fe80::a00:27ff:fe50:2376/64 |       .       |  link  | 08:00:27:50:23:76 |
[    7.287020] cloud-init[1055]: ci-info: |   lo   | True |          127.0.0.1          |   255.0.0.0   |  host  |         .         |
[    7.288428] cloud-init[1055]: ci-info: |   lo   | True |           ::1/128           |       .       |  host  |         .         |
[    7.289788] cloud-init[1055]: ci-info: +--------+------+-----------------------------+---------------+--------+-------------------+
[    7.291146] cloud-init[1055]: ci-info: ++++++++++++++++++++++++++++Route IPv4 info++++++++++++++++++++++++++++
[    7.292363] cloud-init[1055]: ci-info: +-------+--------------+----------+---------------+-----------+-------+
[    7.293588] cloud-init[1055]: ci-info: | Route | Destination  | Gateway  |    Genmask    | Interface | Flags |
[    7.294816] cloud-init[1055]: ci-info: +-------+--------------+----------+---------------+-----------+-------+
[    7.296042] cloud-init[1055]: ci-info: |   0   |   0.0.0.0    | 10.0.2.2 |    0.0.0.0    |   enp0s3  |   UG  |
[    7.297284] cloud-init[1055]: ci-info: |   1   |   10.0.2.0   | 0.0.0.0  | 255.255.255.0 |   enp0s3  |   U   |
[    7.298476] cloud-init[1055]: ci-info: |   2   | 192.168.33.0 | 0.0.0.0  | 255.255.255.0 |   enp0s8  |   U   |
[    7.299691] cloud-init[1055]: ci-info: +-------+--------------+----------+---------------+-----------+-------+
[    7.320447] [[0;32m  OK  [0m] Started Initial cloud-init job (metadata service crawler).
cloud-init[1055]: ci-info: +++++++++++++++++++Route IPv6 info+++++++++++++++++++[
[0;32m  OK  [0m] Reached target Network is Online.
[    7.323575] cloud-init[1055]: ci-info: +-------+-------------+---------+-----------+-------+
[    7.339274] cloud-init         [1055]: Starting iSCSI initiator daemon (iscsid)...ci-info: | Route | Destination | Gateway | Interface | Flags |

[[0;32m  OK  [0m] Reached target System Initialization.
[    7.363602] cloud-init[1055]: ci-info: +-------+-------------+---------+-----------+-------+
[[0;32m  OK  [0m] Started Daily apt download activities.
[[0;32m  OK  [0m] Started Clean PHP session files every 30 mins.
[[0;32m  OK  [0m] Listening on D-Bus System Message Bus Socket.
[[0;32m  OK  [0m] Listening on ACPID Listen Socket.
[[0;32m  OK  [0m] Started Daily Cleanup of Temporary Directories.
[    7.391461] cloud-init[1055]: ci-info: |   0   |  fe80::/64  |    ::   |   enp0s3  |   U   |
[    7.476771] [[0;32m  OK  [0m] Started ACPI Events Check.
[[0;32m  OK  [0m] Reached target Paths.
         Starting Socket activation for snappy daemon.
[[0;32m  OK  [0m] Listening on UUID daemon activation socket.
[[0;32m  OK  [0m] Started Daily apt upgrade and clean activities.
[[0;32m  OK  [0m] Reached target Timers.
cloud-init[1055]: ci-info: |   1   |  fe80::/64  |    ::   |   enp0s8  |   U   |
[    7.494401]          Starting LXD - unix socket.
[[0;32m  OK  [0m] Reached target Cloud-config availability.
cloud-init[1055]: ci-info: |   4   |   ff00::/8  |    ::   |   enp0s3  |   U   |
[    7.506249] cloud-init[1055]: ci-info: |   5   |   ff00::/8  |    ::   |   enp0s8  |   U   |
[    7.510902] cloud-init[1055]: ci-info: +-------+-------------+---------+-----------+-------+
[[0;32m  OK  [0m] Listening on Socket activation for snappy daemon.
[[0;32m  OK  [0m] Listening on LXD - unix socket.
[[0;32m  OK  [0m] Started iSCSI initiator daemon (iscsid).
         Starting Login to default iSCSI targets...
[[0;32m  OK  [0m] Reached target Sockets.
[[0;32m  OK  [0m] Reached target Basic System.
         Starting vboxadd.service...
         Starting Accounts Service...
         Starting Login Service...
         Starting System Logging Service...
         Starting MySQL Community Server...
[[0;32m  OK  [0m] Started ACPI event daemon.
         Starting /etc/rc.local Compatibility...
         Starting LSB: Record successful boot for GRUB...
[[0;32m  OK  [0m] Started Unattended Upgrades Shutdown.
         Starting Snappy daemon...
[[0;32m  OK  [0m] Started FUSE filesystem for LXC.
[[0;32m  OK  [0m] Started Deferred execution scheduler.
         Starting LXD - container startup/shutdown...
         Starting LSB: MD monitoring daemon...
[[0;32m  OK  [0m] Started Regular background program processing daemon.
[[0;32m  OK  [0m] Started D-Bus System Message Bus.
         Starting OpenBSD Secure Shell server...
[[0;32m  OK  [0m] Started System Logging Service.
[[0;32m  OK  [0m] Started vboxadd.service.
[[0;32m  OK  [0m] Started /etc/rc.local Compatibility.
[[0;32m  OK  [0m] Started LXD - container startup/shutdown.
[[0;32m  OK  [0m] Started OpenBSD Secure Shell server.
[[0;32m  OK  [0m] Started Login to default iSCSI targets.
[[0;32m  OK  [0m] Started LSB: Record successful boot for GRUB.
[[0;32m  OK  [0m] Started LSB: MD monitoring daemon.
[[0;32m  OK  [0m] Started Snappy daemon.
[[0;32m  OK  [0m] Started Login Service.
         Starting Authenticate and Authorize Users to Run Privileged Tasks...
         Starting Wait until snapd is fully seeded...
[[0;32m  OK  [0m] Reached target Remote File Systems (Pre).
[[0;32m  OK  [0m] Reached target Remote File Systems.
         Starting LSB: daemon to balance interrupts for SMP systems...
         Starting LSB: Apache2 web server...
         Starting LSB: Set the CPU Frequency Scaling governor to "ondemand"...
         Starting Permit User Sessions...
         Starting LSB: automatic crash report generation...
         Starting vboxadd-service.service...
[[0;32m  OK  [0m] Started Wait until snapd is fully seeded.
[[0;32m  OK  [0m] Started Permit User Sessions.
[[0;32m  OK  [0m] Started Authenticate and Authorize Users to Run Privileged Tasks.
[[0;32m  OK  [0m] Started Accounts Service.
         Starting Terminate Plymouth Boot Screen...
         Starting Hold until boot process finishes up...
         Starting Apply the settings specified in cloud-config...
[[0;32m  OK  [0m] Started LSB: daemon to balance interrupts for SMP systems.
[[0;32m  OK  [0m] Started LSB: Set the CPU Frequency Scaling governor to "ondemand".
[[0;32m  OK  [0m] Started Hold until boot process finishes up.
[[0;32m  OK  [0m] Started Terminate Plymouth Boot Screen.
[[0;32m  OK  [0m] Started vboxadd-service.service.
[[0;32m  OK  [0m] Started Serial Getty on ttyS0.
         Starting Set console scheme...
[[0;32m  OK  [0m] Started Getty on tty1.
[[0;32m  OK  [0m] Reached target Login Prompts.
[[0;32m  OK  [0m] Started LSB: automatic crash report generation.
[[0;32m  OK  [0m] Started Set console scheme.
[[0;1;31mFAILED[0m] Failed to start LSB: Apache2 web server.
See 'systemctl status apache2.service' for details.
[    8.392690] cloud-init[1328]: Cloud-init v. 18.3-9-g2e62cb8a-0ubuntu1~16.04.2 running 'modules:config' at Wed, 07 Nov 2018 08:14:32 +0000. Up 8.29 seconds.
[[0;32m  OK  [0m] Started Apply the settings specified in cloud-config.
[[0;32m  OK  [0m] Started MySQL Community Server.
[[0;32m  OK  [0m] Reached target Multi-User System.
         Starting Execute cloud user/final scripts...
[[0;32m  OK  [0m] Reached target Graphical Interface.
         Starting Update UTMP about System Runlevel Changes...
[[0;32m  OK  [0m] Started Update UTMP about System Runlevel Changes.
[    9.155243] cloud-init[1408]: Cloud-init v. 18.3-9-g2e62cb8a-0ubuntu1~16.04.2 running 'modules:final' at Wed, 07 Nov 2018 08:14:33 +0000. Up 9.06 seconds.
[[0;32m  OK  [0m] Started Execute cloud user/final scripts.
[    9.258553] cloud-init[1408]: Cloud-init v. 18.3-9-g2e62cb8a-0ubuntu1~16.04.2 finished at Wed, 07 Nov 2018 08:14:33 +0000. Datasource DataSourceNoCloud [seed=/dev/sdb][dsmode=net].  Up 9.15 seconds[[0;32m  OK  [
Ubuntu 16.04.5 LTS ubuntu-xenial ttyS0

ubuntu-xenial login:          Stopping Session 13 of user vr[[0;32m  OK  [0m] Stopped target Cloud-config availability.
[[0;32m  OK  [0m] Stopped Wait until snapd is fully seeded.
         Stopping Snappy daemon...
         Stopping Session 4 of user vagrant.
         Stopping LSB: MD monitoring daemon...
         Stopping OpenBSD Secure Shell server...
[[0;32m  OK  [0m] Stopped Clean PHP session files every 30 mins.
[[0;32m  OK  [0m] Stopped target System Time Synchronized.
         Stopping LSB: Apache2 web server...
[[0;32m  OK  [0m] Stopped Daily Cleanup of Temporary Directories.
[[0;32m  OK  [0m] Unmounted /var/lib/lxcfs.
[[0;32m  OK  [0m] Stopped Accounts Service.
[[0;32m  OK  [0m] Stopped System Logging Service.
[[0;32m  OK  [0m] Stopped ACPI event daemon.
[[0;32m  OK  [0m] Stopped Snappy daemon.
[[0;32m  OK  [0m] Stopped Deferred execution scheduler.
[[0;32m  OK  [0m] Stopped Regular background program processing daemon.
[[0;32m  OK  [0m] Stopped OpenBSD Secure Shell server.
[[0;32m  OK  [0m] Stopped Authenticate and Authorize Users to Run Privileged Tasks.
[[0;32m  OK  [0m] Stopped Serial Getty on ttyS0.
[[0;32m  OK  [0m] Stopped Getty on tty1.
[[0;32m  OK  [0m] Stopped User Manager for UID 1000.
[[0;32m  OK  [0m] Stopped Session 13 of user vagrant.
[[0;32m  OK  [0m] Stopped D-Bus System Message Bus.
[[0;32m  OK  [0m] Stopped Unattended Upgrades Shutdown.
[[0;32m  OK  [0m] Stopped FUSE filesystem for LXC.
[[0;32m  OK  [0m] Stopped vboxadd-service.service.
[[0;32m  OK  [0m] Stopped LXD - container startup/shutdown.
[[0;32m  OK  [0m] Stopped LSB: daemon to balance interrupts for SMP systems.
[[0;32m  OK  [0m] Stopped LSB: automatic crash report generation.
[[0;32m  OK  [0m] Stopped LSB: Set the CPU Frequency Scaling governor to "ondemand".
[[0;32m  OK  [0m] Stopped LSB: Record successful boot for GRUB.
[[0;32m  OK  [0m] Stopped LSB: MD monitoring daemon.
         Stopping vboxadd.service...
[[0;32m  OK  [0m] Removed slice system-getty.slice.
[[0;32m  OK  [0m] Stopped /etc/rc.local Compatibility.
[[0;32m  OK  [0m] Removed slice system-serial\x2dgetty.slice.
[[0;32m  OK  [0m] Stopped Session 6 of user vagrant.
[[0;32m  OK  [0m] Stopped Session 4 of user vagrant.
[[0;32m  OK  [0m] Removed slice User Slice of vagrant.
         Stopping Login Service...
         Stopping Permit User Sessions...
[[0;32m  OK  [0m] Stopped Permit User Sessions.
[[0;32m  OK  [0m] Unmounted /vagrant.
[[0;32m  OK  [0m] Stopped vboxadd.service.
[[0;32m  OK  [0m] Stopped Login Service.
[[0;32m  OK  [0m] Stopped target User and Group Name Lookups.
[[0;32m  OK  [0m] Stopped MySQL Community Server.
[[0;32m  OK  [0m] Stopped LSB: Apache2 web server.
[[0;32m  OK  [0m] Stopped target Remote File Systems.
[[0;32m  OK  [0m] Stopped target Remote File Systems (Pre).
         Stopping Login to default iSCSI targets...
[[0;32m  OK  [0m] Stopped target Basic System.
[[0;32m  OK  [0m] Stopped target Slices.
[[0;32m  OK  [0m] Removed slice User and Session Slice.
[[0;32m  OK  [0m] Stopped target Sockets.
[[0;32m  OK  [0m] Closed Socket activation for snappy daemon.
[[0;32m  OK  [0m] Closed UUID daemon activation socket.
[[0;32m  OK  [0m] Closed Syslog Socket.
[[0;32m  OK  [0m] Closed D-Bus System Message Bus Socket.
[[0;32m  OK  [0m] Closed LXD - unix socket.
[[0;32m  OK  [0m] Closed ACPID Listen Socket.
[[0;32m  OK  [0m] Stopped target Paths.
[[0;32m  OK  [0m] Stopped Forward Password Requests to Wall Directory Watch.
[[0;32m  OK  [0m] Stopped ACPI Events Check.
[[0;32m  OK  [0m] Stopped target System Initialization.
[[0;32m  OK  [0m] Stopped Create Volatile Files and Directories.
[[0;32m  OK  [0m] Stopped target Encrypted Volumes.
[[0;32m  OK  [0m] Stopped target Swap.
         Stopping Load/Save Random Seed...
[[0;32m  OK  [0m] Stopped Dispatch Password Requests to Console Directory Watch.
[[0;32m  OK  [0m] Stopped Load/Save Random Seed.
[[0;32m  OK  [0m] Stopped Login to default iSCSI targets.
         Stopping iSCSI initiator daemon (iscsid)...
[[0;32m  OK  [0m] Stopped iSCSI initiator daemon (iscsid).
[[0;32m  OK  [0m] Stopped target Network is Online.
[[0;32m  OK  [0m] Stopped target Network.
[[0;32m  OK  [0m] Stopped Initial cloud-init job (metadata service crawler).
         Stopping Raise network interfaces...
[[0;32m  OK  [0m] Stopped Raise network interfaces.
[[0;32m  OK  [0m] Stopped target Local File Systems.
         Unmounting /run/user/1000...
[[0;32m  OK  [0m] Stopped target Network (Pre).
[[0;32m  OK  [0m] Stopped Initial cloud-init job (pre-networking).
[[0;32m  OK  [0m] Stopped Apply Kernel Variables.
[[0;32m  OK  [0m] Stopped Load Kernel Modules.
[[0;32m  OK  [0m] Unmounted /run/user/1000.
[[0;32m  OK  [0m] Reached target Unmount All Filesystems.
[[0;32m  OK  [0m] Stopped target Local File Systems (Pre).
[[0;32m  OK  [0m] Stopped Create Static Device Nodes in /dev.
         Stopping Monitoring of LVM2 mirrors... dmeventd or progress polling...
[[0;32m  OK  [0m] Stopped Remount Root and Kernel File Systems.
[[0;32m  OK  [0m] Reached target Shutdown.
[ 9277.894040] reboot: Power down
